c:\users\pawel\desktop\korki\bankomatapk\bankomatapk\x64\debug\bankomatapk.myform.resources
c:\users\pawel\desktop\korki\bankomatapk\bankomatapk\x64\debug\bankomatapk.usermenu.resources
c:\users\pawel\desktop\korki\bankomatapk\bankomatapk\x64\debug\bankomatapk.wyplata.resources
c:\users\pawel\desktop\korki\bankomatapk\bankomatapk\x64\debug\vc141.pdb
c:\users\pawel\desktop\korki\bankomatapk\bankomatapk\x64\debug\wyplata.obj
c:\users\pawel\desktop\korki\bankomatapk\bankomatapk\x64\debug\usermenu.obj
c:\users\pawel\desktop\korki\bankomatapk\bankomatapk\x64\debug\osoba.obj
c:\users\pawel\desktop\korki\bankomatapk\bankomatapk\x64\debug\napis.obj
c:\users\pawel\desktop\korki\bankomatapk\bankomatapk\x64\debug\myform.obj
c:\users\pawel\desktop\korki\bankomatapk\bankomatapk\x64\debug\listaklientow.obj
c:\users\pawel\desktop\korki\bankomatapk\bankomatapk\x64\debug\klient.obj
c:\users\pawel\desktop\korki\bankomatapk\bankomatapk\x64\debug\bankomat.obj
c:\users\pawel\desktop\korki\bankomatapk\bankomatapk\x64\debug\.netframework,version=v4.0.assemblyattributes.obj
c:\users\pawel\desktop\korki\bankomatapk\bankomatapk\x64\debug\.netframework,version=v4.0.assemblyattributes.asm
c:\users\pawel\desktop\korki\bankomatapk\x64\debug\bankomatapk.exe
c:\users\pawel\desktop\korki\bankomatapk\x64\debug\bankomatapk.pdb
c:\users\pawel\desktop\korki\bankomatapk\bankomatapk\x64\debug\bankomatapk.vcxproj.generateresource.cache
c:\users\pawel\desktop\korki\bankomatapk\bankomatapk\x64\debug\bankomatapk.tlog\bankomatapk.write.1u.tlog
c:\users\pawel\desktop\korki\bankomatapk\bankomatapk\x64\debug\bankomatapk.tlog\cl.command.1.tlog
c:\users\pawel\desktop\korki\bankomatapk\bankomatapk\x64\debug\bankomatapk.tlog\cl.read.1.tlog
c:\users\pawel\desktop\korki\bankomatapk\bankomatapk\x64\debug\bankomatapk.tlog\cl.write.1.tlog
c:\users\pawel\desktop\korki\bankomatapk\bankomatapk\x64\debug\bankomatapk.tlog\link.command.1.tlog
c:\users\pawel\desktop\korki\bankomatapk\bankomatapk\x64\debug\bankomatapk.tlog\link.read.1.tlog
c:\users\pawel\desktop\korki\bankomatapk\bankomatapk\x64\debug\bankomatapk.tlog\link.write.1.tlog
c:\users\pawel\desktop\korki\bankomatapk\bankomatapk\x64\debug\bankomatapk.tlog\metagen.read.1.tlog
c:\users\pawel\desktop\korki\bankomatapk\bankomatapk\x64\debug\bankomatapk.tlog\metagen.write.1.tlog
c:\users\pawel\desktop\korki\bankomatapk\bankomatapk\x64\debug\bankomatapk.tlog\rsaenh.dll.bi
c:\users\pawel\desktop\korki\bankomatapk\bankomatapk\x64\debug\bankomatapk.tlog\tzres.dll.bi
